mode: server
database name: emotion_dialogue_label
database ip: 
database username: root
database password: test
number: 50
Starting the web server...
panic: Failed to connect database: Error 1698: Access denied for user 'root'@'localhost'

goroutine 1 [running]:
main.connectDatabase(0x0, 0x0, 0xb0ed6d, 0x16, 0xb01278, 0x4, 0xb01310, 0x4)
	/hcilab/EmotionAnnotation/labelingInterface/server/database_controller.go:126 +0x24e
main.webServer(0x0, 0x0, 0xb0ed6d, 0x16, 0xb01278, 0x4, 0xb01310, 0x4)
	/hcilab/EmotionAnnotation/labelingInterface/server/server_controller.go:15 +0x8d
main.main()
	/hcilab/EmotionAnnotation/labelingInterface/server/main_controller.go:37 +0x82a
mode: server
database name: emotion_dialogue_label
database ip: 
database username: root
database password: test
number: 50
Starting the web server...
panic: Failed to connect database: Error 1698: Access denied for user 'root'@'localhost'

goroutine 1 [running]:
main.connectDatabase(0x0, 0x0, 0xb0ed6d, 0x16, 0xb01278, 0x4, 0xb01310, 0x4)
	/hcilab/EmotionAnnotation/labelingInterface/server/database_controller.go:126 +0x24e
main.webServer(0x0, 0x0, 0xb0ed6d, 0x16, 0xb01278, 0x4, 0xb01310, 0x4)
	/hcilab/EmotionAnnotation/labelingInterface/server/server_controller.go:15 +0x8d
main.main()
	/hcilab/EmotionAnnotation/labelingInterface/server/main_controller.go:37 +0x82a
